2025-08-07 20:39:46,853 - src.utils.monitoring - INFO - Registered health check: disk_space
2025-08-07 20:39:46,853 - src.utils.monitoring - INFO - Registered health check: memory_usage
2025-08-07 20:39:46,853 - src.utils.monitoring - INFO - Registered health check: cpu_usage
2025-08-07 20:40:20,496 - src.utils.monitoring - INFO - Registered health check: disk_space
2025-08-07 20:40:20,496 - src.utils.monitoring - INFO - Registered health check: memory_usage
2025-08-07 20:40:20,496 - src.utils.monitoring - INFO - Registered health check: cpu_usage
2025-08-07 20:40:42,560 - src.utils.monitoring - INFO - Registered health check: disk_space
2025-08-07 20:40:42,560 - src.utils.monitoring - INFO - Registered health check: memory_usage
2025-08-07 20:40:42,560 - src.utils.monitoring - INFO - Registered health check: cpu_usage
2025-08-07 20:41:08,311 - src.utils.monitoring - INFO - Registered health check: disk_space
2025-08-07 20:41:08,311 - src.utils.monitoring - INFO - Registered health check: memory_usage
2025-08-07 20:41:08,311 - src.utils.monitoring - INFO - Registered health check: cpu_usage
2025-08-07 20:41:33,265 - src.utils.monitoring - INFO - Registered health check: disk_space
2025-08-07 20:41:33,265 - src.utils.monitoring - INFO - Registered health check: memory_usage
2025-08-07 20:41:33,265 - src.utils.monitoring - INFO - Registered health check: cpu_usage
2025-08-07 20:41:52,775 - src.utils.monitoring - INFO - Registered health check: disk_space
2025-08-07 20:41:52,775 - src.utils.monitoring - INFO - Registered health check: memory_usage
2025-08-07 20:41:52,775 - src.utils.monitoring - INFO - Registered health check: cpu_usage
2025-08-07 20:42:22,593 - src.utils.monitoring - INFO - Registered health check: disk_space
2025-08-07 20:42:22,593 - src.utils.monitoring - INFO - Registered health check: memory_usage
2025-08-07 20:42:22,593 - src.utils.monitoring - INFO - Registered health check: cpu_usage
2025-08-07 20:42:52,402 - src.utils.monitoring - INFO - Registered health check: disk_space
2025-08-07 20:42:52,402 - src.utils.monitoring - INFO - Registered health check: memory_usage
2025-08-07 20:42:52,402 - src.utils.monitoring - INFO - Registered health check: cpu_usage
2025-08-07 20:43:24,199 - src.utils.monitoring - INFO - Registered health check: disk_space
2025-08-07 20:43:24,200 - src.utils.monitoring - INFO - Registered health check: memory_usage
2025-08-07 20:43:24,200 - src.utils.monitoring - INFO - Registered health check: cpu_usage
2025-08-07 20:44:16,421 - src.utils.monitoring - INFO - Registered health check: disk_space
2025-08-07 20:44:16,422 - src.utils.monitoring - INFO - Registered health check: memory_usage
2025-08-07 20:44:16,422 - src.utils.monitoring - INFO - Registered health check: cpu_usage
2025-08-07 20:44:41,681 - src.utils.monitoring - INFO - Registered health check: disk_space
2025-08-07 20:44:41,681 - src.utils.monitoring - INFO - Registered health check: memory_usage
2025-08-07 20:44:41,682 - src.utils.monitoring - INFO - Registered health check: cpu_usage
2025-08-07 20:44:41,722 - src.utils.prometheus_exporter - INFO - Prometheus metrics initialized
2025-08-07 20:44:41,723 - src.utils.monitoring - INFO - Registered health check: model_loaded
2025-08-07 20:44:41,724 - src.utils.monitoring - INFO - Registered health check: database_connection
2025-08-07 20:44:41,724 - src.utils.monitoring - INFO - Registered health check: mlflow_connection
2025-08-07 20:44:41,724 - root - INFO - Initializing California Housing API...
2025-08-07 20:44:41,724 - src.utils.mlflow_tracking - INFO - MLflow Model Registry initialized with tracking URI: http://localhost:5000
2025-08-07 20:44:42,285 - src.utils.mlflow_tracking - ERROR - Error initializing MLflow tracking: API request to endpoint /api/2.0/mlflow/experiments/get-by-name failed with error code 403 != 200. Response body: ''
2025-08-07 20:44:42,285 - root - WARNING - MLflow initialization failed, continuing without MLflow
2025-08-07 20:44:42,285 - src.models.predict - INFO - MLflow registry initialized for model loading
2025-08-07 20:44:42,317 - src.utils.mlflow_tracking - ERROR - Error getting latest model version for california_housing_best_model: API request to endpoint /api/2.0/mlflow/registered-models/get-latest-versions failed with error code 403 != 200. Response body: ''
2025-08-07 20:44:42,317 - src.utils.mlflow_tracking - ERROR - Error loading model from registry: No model found for california_housing_best_model in stage Production
2025-08-07 20:44:42,317 - src.models.predict - WARNING - Failed to load model from MLflow registry: No model found for california_housing_best_model in stage Production
2025-08-07 20:44:42,317 - src.models.predict - INFO - Falling back to local model file
2025-08-07 20:44:44,599 - src.models.predict - INFO - Model loaded successfully from local file: models/model.pkl
2025-08-07 20:44:44,602 - src.utils.mlflow_tracking - ERROR - Error getting model info: API request to endpoint /api/2.0/mlflow/registered-models/get failed with error code 403 != 200. Response body: ''
2025-08-07 20:44:44,602 - api - INFO - Model loaded
2025-08-07 20:44:44,602 - root - INFO - Model loaded successfully: local_model
2025-08-07 20:44:44,603 - src.utils.database - INFO - Database tables initialized successfully
2025-08-07 20:44:44,603 - src.utils.database - INFO - Initialized prediction database at logs/predictions.db
2025-08-07 20:44:44,604 - root - INFO - Database initialized successfully
2025-08-07 20:44:44,604 - root - INFO - California Housing API initialized successfully
2025-08-07 20:51:37,972 - src.utils.monitoring - INFO - Registered health check: disk_space
2025-08-07 20:51:37,973 - src.utils.monitoring - INFO - Registered health check: memory_usage
2025-08-07 20:51:37,973 - src.utils.monitoring - INFO - Registered health check: cpu_usage
2025-08-07 20:51:37,993 - src.utils.prometheus_exporter - INFO - Prometheus metrics initialized
2025-08-07 20:51:37,994 - src.utils.monitoring - INFO - Registered health check: model_loaded
2025-08-07 20:51:37,994 - src.utils.monitoring - INFO - Registered health check: database_connection
2025-08-07 20:51:37,994 - src.utils.monitoring - INFO - Registered health check: mlflow_connection
2025-08-07 20:51:37,994 - root - INFO - Initializing California Housing API...
2025-08-07 20:51:37,994 - src.utils.mlflow_tracking - INFO - MLflow Model Registry initialized with tracking URI: http://localhost:5000
2025-08-07 20:51:38,337 - src.utils.mlflow_tracking - ERROR - Error initializing MLflow tracking: API request to endpoint /api/2.0/mlflow/experiments/get-by-name failed with error code 403 != 200. Response body: ''
2025-08-07 20:51:38,337 - root - WARNING - MLflow initialization failed, continuing without MLflow
2025-08-07 20:51:38,337 - src.models.predict - INFO - MLflow registry initialized for model loading
2025-08-07 20:51:38,368 - src.utils.mlflow_tracking - ERROR - Error getting latest model version for california_housing_best_model: API request to endpoint /api/2.0/mlflow/registered-models/get-latest-versions failed with error code 403 != 200. Response body: ''
2025-08-07 20:51:38,368 - src.utils.mlflow_tracking - ERROR - Error loading model from registry: No model found for california_housing_best_model in stage Production
2025-08-07 20:51:38,368 - src.models.predict - WARNING - Failed to load model from MLflow registry: No model found for california_housing_best_model in stage Production
2025-08-07 20:51:38,368 - src.models.predict - INFO - Falling back to local model file
2025-08-07 20:51:39,502 - src.models.predict - INFO - Model loaded successfully from local file: models/model.pkl
2025-08-07 20:51:39,506 - src.utils.mlflow_tracking - ERROR - Error getting model info: API request to endpoint /api/2.0/mlflow/registered-models/get failed with error code 403 != 200. Response body: ''
2025-08-07 20:51:39,506 - api - INFO - Model loaded
2025-08-07 20:51:39,506 - root - INFO - Model loaded successfully: local_model
2025-08-07 20:51:39,507 - src.utils.database - INFO - Database tables initialized successfully
2025-08-07 20:51:39,507 - src.utils.database - INFO - Initialized prediction database at logs/predictions.db
2025-08-07 20:51:39,507 - root - INFO - Database initialized successfully
2025-08-07 20:51:39,507 - root - INFO - California Housing API initialized successfully
